
--- Job AMIN 1EH NO WATER NO H 1EH.gms Start 10/30/25 19:30:32 51.2.0 56392656 WEX-WEI x86 64bit/MS Windows
--- Applying:
    C:\GAMS\51\gmsprmNT.txt
--- GAMS Parameters defined
    Input "C:\Users\Ernesto\Desktop\GAMS\AMIN\AMIN 1EH NO WATER NO H 1EH.gms"
    PageSize 0
    ScrDir C:\Users\Ernesto\Desktop\GAMS\AMIN\225a\
    SysDir C:\GAMS\51\
    LogOption 3
    AppendLog 1
    ErrMsg 1
    ErrorLog 99
    IDE 1
    LstTitleLeftAligned 1
Licensee: GAMS Demo, for EULA and demo limitations see   G250826+0003Cc-GEN
          https://www.gams.com/latest/docs/UG%5FLicense.html         DC0000
          C:\GAMS\51\gamslice.txt
          v:2                                                              
          Demo license for demonstration and instructional purposes only
System information: 6 physical cores and 16 Gb physical memory detected
GAMS 51.2.0   Copyright (C) 1987-2025 GAMS Development. All rights reserved
--- Starting compilation
--- AMIN 1EH NO WATER NO H 1EH.gms(40) 3 Mb
--- call GDXXRW "Pel_data.xlsx" output=Pel_data.gdx par=Pel rng='Foglio1!A1:C25' rdim=2 cdim=0 values=3

GDXXRW           51.2.0 56392656 Sep 29, 2025          WEI x86 64bit/MS Window
Input file : C:\Users\Ernesto\Desktop\GAMS\AMIN\Pel_data.xlsx
Output file: C:\Users\Ernesto\Desktop\GAMS\AMIN\Pel_data.gdx
**** Values can be used for a set only
Total time = 922 Ms
--- AMIN 1EH NO WATER NO H 1EH.gms(41) 3 Mb
*** GDXIN failed C:\Users\Ernesto\Desktop\GAMS\AMIN\Pel_data.gdx
*** Msg: No such file or directory: "C:\Users\Ernesto\Desktop\GAMS\AMIN\Pel_data.gdx"
--- AMIN 1EH NO WATER NO H 1EH.gms(41) 3 Mb 1 Error
*** Error 510 in C:\Users\Ernesto\Desktop\GAMS\AMIN\AMIN 1EH NO WATER NO H 1EH.gms
    Unable to open gdx file for $GDXIN
--- AMIN 1EH NO WATER NO H 1EH.gms(42) 3 Mb 2 Errors
*** Error 502 in C:\Users\Ernesto\Desktop\GAMS\AMIN\AMIN 1EH NO WATER NO H 1EH.gms
    GDXIN  file not open - ignore rest of line
--- AMIN 1EH NO WATER NO H 1EH.gms(44) 3 Mb 3 Errors
*** Error 141 in C:\Users\Ernesto\Desktop\GAMS\AMIN\AMIN 1EH NO WATER NO H 1EH.gms
    Symbol declared but no values have been assigned. Check for missing
       data definition, assignment, data loading or implicit assignment
       via a solve statement. Suppress with $onImplicitAssign.
       A wild shot: You may have spurious commas in the explanatory
       text of a declaration. Check symbol reference list.
--- AMIN 1EH NO WATER NO H 1EH.gms(186) 3 Mb 3 Errors
*** Status: Compilation error(s)
--- Job AMIN 1EH NO WATER NO H 1EH.gms Stop 10/30/25 19:30:33 elapsed 0:00:01.008
